# JRE version: OpenJDK Runtime Environment (11.0.11) (build 11.0.11+0-b60-7590822)
# Java VM: OpenJDK 64-Bit Server VM (11.0.11+0-b60-7590822, mixed mode, tiered, compressed oops, g1 gc, bsd-amd64)
Heap:
 garbage-first heap   total 227328K, used 96670K [0x0000000780000000, 0x0000000800000000)
  region size 1024K, 15 young (15360K), 7 survivors (7168K)
 Metaspace       used 121697K, capacity 125268K, committed 126028K, reserved 1159168K
  class space    used 15223K, capacity 16545K, committed 17024K, reserved 1048576K
GC Heap History (20 events):
Event: 6078.464 GC heap before
{Heap before GC invocations=65 (full 0):
 garbage-first heap   total 227328K, used 121528K [0x0000000780000000, 0x0000000800000000)
  region size 1024K, 34 young (34816K), 2 survivors (2048K)
 Metaspace       used 120555K, capacity 123994K, committed 124748K, reserved 1157120K
  class space    used 15187K, capacity 16480K, committed 17024K, reserved 1048576K
}
Event: 6078.470 GC heap after
{Heap after GC invocations=66 (full 0):
 garbage-first heap   total 227328K, used 91022K [0x0000000780000000, 0x0000000800000000)
  region size 1024K, 2 young (2048K), 2 survivors (2048K)
 Metaspace       used 120555K, capacity 123994K, committed 124748K, reserved 1157120K
  class space    used 15187K, capacity 16480K, committed 17024K, reserved 1048576K
}
Event: 6157.194 GC heap before
{Heap before GC invocations=67 (full 0):
 garbage-first heap   total 227328K, used 184206K [0x0000000780000000, 0x0000000800000000)
  region size 1024K, 85 young (87040K), 2 survivors (2048K)
 Metaspace       used 121024K, capacity 124548K, committed 125260K, reserved 1157120K
  class space    used 15219K, capacity 16536K, committed 17024K, reserved 1048576K
}
Event: 6157.200 GC heap after
{Heap after GC invocations=68 (full 0):
 garbage-first heap   total 227328K, used 95874K [0x0000000780000000, 0x0000000800000000)
  region size 1024K, 7 young (7168K), 7 survivors (7168K)
 Metaspace       used 121024K, capacity 124548K, committed 125260K, reserved 1157120K
  class space    used 15219K, capacity 16536K, committed 17024K, reserved 1048576K
}
Event: 6157.218 GC heap before
{Heap before GC invocations=68 (full 0):
 garbage-first heap   total 227328K, used 98946K [0x0000000780000000, 0x0000000800000000)
  region size 1024K, 11 young (11264K), 7 survivors (7168K)
 Metaspace       used 121031K, capacity 124549K, committed 125260K, reserved 1157120K
  class space    used 15219K, capacity 16536K, committed 17024K, reserved 1048576K
}
Event: 6157.232 GC heap after
{Heap after GC invocations=69 (full 0):
 garbage-first heap   total 227328K, used 96385K [0x0000000780000000, 0x0000000800000000)
  region size 1024K, 1 young (1024K), 1 survivors (1024K)
 Metaspace       used 121031K, capacity 124549K, committed 125260K, reserved 1157120K
  class space    used 15219K, capacity 16536K, committed 17024K, reserved 1048576K
}
Event: 6157.311 GC heap before
{Heap before GC invocations=69 (full 0):
 garbage-first heap   total 227328K, used 105601K [0x0000000780000000, 0x0000000800000000)
  region size 1024K, 11 young (11264K), 1 survivors (1024K)
 Metaspace       used 121065K, capacity 124552K, committed 125260K, reserved 1157120K
  class space    used 15219K, capacity 16536K, committed 17024K, reserved 1048576K
}
Event: 6157.317 GC heap after
{Heap after GC invocations=70 (full 0):
 garbage-first heap   total 227328K, used 97386K [0x0000000780000000, 0x0000000800000000)
  region size 1024K, 2 young (2048K), 2 survivors (2048K)
 Metaspace       used 121065K, capacity 124552K, committed 125260K, reserved 1157120K
  class space    used 15219K, capacity 16536K, committed 17024K, reserved 1048576K
}
Event: 6225.456 GC heap before
{Heap before GC invocations=71 (full 0):
 garbage-first heap   total 227328K, used 183402K [0x0000000780000000, 0x0000000800000000)
  region size 1024K, 78 young (79872K), 2 survivors (2048K)
 Metaspace       used 121270K, capacity 124767K, committed 125516K, reserved 1157120K
  class space    used 15220K, capacity 16539K, committed 17024K, reserved 1048576K
}
Event: 6225.470 GC heap after
{Heap after GC invocations=72 (full 0):
 garbage-first heap   total 227328K, used 101201K [0x0000000780000000, 0x0000000800000000)
  region size 1024K, 4 young (4096K), 4 survivors (4096K)
 Metaspace       used 121270K, capacity 124767K, committed 125516K, reserved 1157120K
  class space    used 15220K, capacity 16539K, committed 17024K, reserved 1048576K
}
Event: 6225.527 GC heap before
{Heap before GC invocations=72 (full 0):
 garbage-first heap   total 227328K, used 108369K [0x0000000780000000, 0x0000000800000000)
  region size 1024K, 11 young (11264K), 4 survivors (4096K)
 Metaspace       used 121319K, capacity 124831K, committed 125516K, reserved 1157120K
  class space    used 15220K, capacity 16539K, committed 17024K, reserved 1048576K
}
Event: 6225.576 GC heap after
{Heap after GC invocations=73 (full 0):
 garbage-first heap   total 227328K, used 85749K [0x0000000780000000, 0x0000000800000000)
  region size 1024K, 2 young (2048K), 2 survivors (2048K)
 Metaspace       used 121319K, capacity 124831K, committed 125516K, reserved 1157120K
  class space    used 15220K, capacity 16539K, committed 17024K, reserved 1048576K
}
Event: 6225.780 GC heap before
{Heap before GC invocations=73 (full 0):
 garbage-first heap   total 227328K, used 104181K [0x0000000780000000, 0x0000000800000000)
  region size 1024K, 21 young (21504K), 2 survivors (2048K)
 Metaspace       used 121364K, capacity 124837K, committed 125516K, reserved 1157120K
  class space    used 15221K, capacity 16540K, committed 17024K, reserved 1048576K
}
Event: 6225.798 GC heap after
{Heap after GC invocations=74 (full 0):
 garbage-first heap   total 227328K, used 88431K [0x0000000780000000, 0x0000000800000000)
  region size 1024K, 5 young (5120K), 5 survivors (5120K)
 Metaspace       used 121364K, capacity 124837K, committed 125516K, reserved 1157120K
  class space    used 15221K, capacity 16540K, committed 17024K, reserved 1048576K
}
Event: 6403.979 GC heap before
{Heap before GC invocations=75 (full 0):
 garbage-first heap   total 227328K, used 156015K [0x0000000780000000, 0x0000000800000000)
  region size 1024K, 64 young (65536K), 5 survivors (5120K)
 Metaspace       used 121540K, capacity 124981K, committed 125516K, reserved 1157120K
  class space    used 15222K, capacity 16542K, committed 17024K, reserved 1048576K
}
Event: 6404.043 GC heap after
{Heap after GC invocations=76 (full 0):
 garbage-first heap   total 227328K, used 89310K [0x0000000780000000, 0x0000000800000000)
  region size 1024K, 3 young (3072K), 3 survivors (3072K)
 Metaspace       used 121540K, capacity 124981K, committed 125516K, reserved 1157120K
  class space    used 15222K, capacity 16542K, committed 17024K, reserved 1048576K
}
Event: 6861.126 GC heap before
{Heap before GC invocations=76 (full 0):
 garbage-first heap   total 227328K, used 96478K [0x0000000780000000, 0x0000000800000000)
  region size 1024K, 11 young (11264K), 3 survivors (3072K)
 Metaspace       used 121540K, capacity 124981K, committed 125516K, reserved 1157120K
  class space    used 15222K, capacity 16542K, committed 17024K, reserved 1048576K
}
Event: 6861.263 GC heap after
{Heap after GC invocations=77 (full 0):
 garbage-first heap   total 227328K, used 81485K [0x0000000780000000, 0x0000000800000000)
  region size 1024K, 1 young (1024K), 1 survivors (1024K)
 Metaspace       used 121540K, capacity 124981K, committed 125516K, reserved 1157120K
  class space    used 15222K, capacity 16542K, committed 17024K, reserved 1048576K
}
Event: 7178.326 GC heap before
{Heap before GC invocations=77 (full 0):
 garbage-first heap   total 227328K, used 130637K [0x0000000780000000, 0x0000000800000000)
  region size 1024K, 51 young (52224K), 1 survivors (1024K)
 Metaspace       used 121691K, capacity 125268K, committed 126028K, reserved 1159168K
  class space    used 15223K, capacity 16545K, committed 17024K, reserved 1048576K
}
Event: 7178.354 GC heap after
{Heap after GC invocations=78 (full 0):
 garbage-first heap   total 227328K, used 87454K [0x0000000780000000, 0x0000000800000000)
  region size 1024K, 7 young (7168K), 7 survivors (7168K)
 Metaspace       used 121691K, capacity 125268K, committed 126028K, reserved 1159168K
  class space    used 15223K, capacity 16545K, committed 17024K, reserved 1048576K
}

